<?xml version='1.0'?>
<ns2:test-suite xmlns:ns2='urn:model.allure.qatools.yandex.ru' start='1630001825700' stop='1630001825728'>
    <name>Browser</name>
    <title>Browser</title>
    <test-cases>
        <test-case start='1630001825701' status='failed' stop='1630001825725'>
            <name>Tab title</name>
            <title>Tab title</title>
            <labels>
                <label name='language' value='javascript'/>
                <label name='framework' value='wdio'/>
                <label name='thread' value='0-0'/>
            </labels>
            <parameters>
                <parameter kind='argument' name='browser' value='chrome-92.0.4515.159'/>
            </parameters>
            <steps>
                <step start='1630001825703' status='failed' stop='1630001825725'>
                    <name>GET /session/:sessionId/title</name>
                    <title>GET /session/:sessionId/title</title>
                    <attachments/>
                    <steps>
                        <step start='1630001825713' status='failed' stop='1630001825725'>
                            <name>POST /session/:sessionId/url</name>
                            <title>POST /session/:sessionId/url</title>
                            <attachments>
                                <attachment title='Request' source='5d448779-e176-4dca-b705-89442e0e4792-attachment.json' type='application/json' size='39'/>
                            </attachments>
                            <steps/>
                        </step>
                    </steps>
                </step>
            </steps>
            <attachments/>
            <failure>
                <message>Promise {
                  &lt;pending>
                } == 'DeepInspire | Software Development &amp; Product UX/UI Design'      
                      actual expected
                      
                      Promise'DeepInspire [Promise]| {}Software Development &amp; Product UX/UI Design'
                      </message>
                <stack-trace>AssertionError [ERR_ASSERTION]: Promise {
                  &lt;pending>
                } == 'DeepInspire | Software Development &amp; Product UX/UI Design'
                    at Context.&lt;anonymous> (F:\Programs\Install\MyPrograms\Programming\Settings\VisualStudioCode\Code\Projects\WebdriverIO\test\specs\/browser.js:9:16)
                    at Context.executeAsync (F:\Programs\Install\MyPrograms\Programming\Settings\VisualStudioCode\Code\Projects\WebdriverIO\node_modules\@wdio\utils\build\shim.js:285:25)
                    at Context.testFrameworkFnWrapper (F:\Programs\Install\MyPrograms\Programming\Settings\VisualStudioCode\Code\Projects\WebdriverIO\node_modules\@wdio\utils\build\test-framework\testFnWrapper.js:45:32)</stack-trace>
            </failure>
        </test-case>
    </test-cases>
</ns2:test-suite>