<?xml version='1.0'?>
<ns2:test-suite xmlns:ns2='urn:model.allure.qatools.yandex.ru' start='1630000866647' stop='1630000866664'>
    <name>Browser</name>
    <title>Browser</title>
    <test-cases>
        <test-case start='1630000866647' status='failed' stop='1630000866662'>
            <name>Tab title</name>
            <title>Tab title</title>
            <labels>
                <label name='language' value='javascript'/>
                <label name='framework' value='wdio'/>
                <label name='thread' value='0-0'/>
            </labels>
            <parameters>
                <parameter kind='argument' name='browser' value='Chrome-92.0.4515.159'/>
            </parameters>
            <steps/>
            <attachments/>
            <failure>
                <message>Promise {
                  &lt;pending>
                } == 'GMAT Club Forum - Best GMAT Tests, Books, Courses, Discounts with over 1, 000, 000 members '      
                      actual expected
                      
                      Promise'GMAT [Promise]Club {}Forum - Best GMAT Tests, Books, Courses, Discounts with over 1, 000, 000 members '
                      </message>
                <stack-trace>AssertionError [ERR_ASSERTION]: Promise {
                  &lt;pending>
                } == 'GMAT Club Forum - Best GMAT Tests, Books, Courses, Discounts with over 1, 000, 000 members '
                    at Context.&lt;anonymous> (F:\Programs\Install\MyPrograms\Programming\Settings\VisualStudioCode\Code\Projects\WebdriverIO\test\specs\/browser.js:9:16)
                    at Context.executeAsync (F:\Programs\Install\MyPrograms\Programming\Settings\VisualStudioCode\Code\Projects\WebdriverIO\node_modules\@wdio\utils\build\shim.js:285:25)
                    at Context.testFrameworkFnWrapper (F:\Programs\Install\MyPrograms\Programming\Settings\VisualStudioCode\Code\Projects\WebdriverIO\node_modules\@wdio\utils\build\test-framework\testFnWrapper.js:45:32)</stack-trace>
            </failure>
        </test-case>
    </test-cases>
</ns2:test-suite>