<?xml version='1.0'?>
<ns2:test-suite xmlns:ns2='urn:model.allure.qatools.yandex.ru' start='1630004530643' stop='1630004530670'>
    <name>Browser</name>
    <title>Browser</title>
    <test-cases>
        <test-case start='1630004530644' status='failed' stop='1630004530667'>
            <name>Tab title</name>
            <title>Tab title</title>
            <labels>
                <label name='language' value='javascript'/>
                <label name='framework' value='wdio'/>
                <label name='thread' value='0-0'/>
            </labels>
            <parameters>
                <parameter kind='argument' name='browser' value='chrome-92.0.4515.159'/>
            </parameters>
            <steps>
                <step start='1630004530655' status='failed' stop='1630004530667'>
                    <name>POST /session/:sessionId/element</name>
                    <title>POST /session/:sessionId/element</title>
                    <attachments>
                        <attachment title='Request' source='aa79f278-be57-468e-b7f9-9671965d8d77-attachment.json' type='application/json' size='51'/>
                    </attachments>
                    <steps/>
                </step>
            </steps>
            <attachments/>
            <failure>
                <message>Promise {
                  &lt;pending>
                } == true      
                      actual expected
                      
                      Promise [Promise] {}true
                      </message>
                <stack-trace>AssertionError [ERR_ASSERTION]: Promise {
                  &lt;pending>
                } == true
                    at Context.&lt;anonymous> (F:\Programs\Install\MyPrograms\Programming\Settings\VisualStudioCode\Code\Projects\WebdriverIO\test\specs\/browser.js:6:16)
                    at Context.executeAsync (F:\Programs\Install\MyPrograms\Programming\Settings\VisualStudioCode\Code\Projects\WebdriverIO\node_modules\@wdio\mocha-framework\node_modules\@wdio\utils\build\shim.js:285:25)
                    at Context.testFrameworkFnWrapper (F:\Programs\Install\MyPrograms\Programming\Settings\VisualStudioCode\Code\Projects\WebdriverIO\node_modules\@wdio\mocha-framework\node_modules\@wdio\utils\build\test-framework\testFnWrapper.js:45:32)</stack-trace>
            </failure>
        </test-case>
    </test-cases>
</ns2:test-suite>