<?xml version='1.0'?>
<ns2:test-suite xmlns:ns2='urn:model.allure.qatools.yandex.ru' start='1630005243152' stop='1630005243184'>
    <name>Page</name>
    <title>Page</title>
    <test-cases>
        <test-case start='1630005243153' status='failed' stop='1630005243177'>
            <name>Check Title</name>
            <title>Check Title</title>
            <labels>
                <label name='language' value='javascript'/>
                <label name='framework' value='wdio'/>
                <label name='thread' value='0-0'/>
            </labels>
            <parameters>
                <parameter kind='argument' name='browser' value='chrome-92.0.4515.159'/>
            </parameters>
            <steps>
                <step start='1630005243156' status='failed' stop='1630005243176'>
                    <name>GET /session/:sessionId/title</name>
                    <title>GET /session/:sessionId/title</title>
                    <attachments/>
                    <steps>
                        <step start='1630005243166' status='failed' stop='1630005243176'>
                            <name>POST /session/:sessionId/url</name>
                            <title>POST /session/:sessionId/url</title>
                            <attachments>
                                <attachment title='Request' source='4691fb11-2f07-49c2-a85e-c060ffa64db8-attachment.json' type='application/json' size='34'/>
                            </attachments>
                            <steps/>
                        </step>
                    </steps>
                </step>
            </steps>
            <attachments/>
            <failure>
                <message>Promise {
                  &lt;pending>
                } == 'Google'      
                      actual expected
                      
                      Promise [Promise] {}'Google'
                      </message>
                <stack-trace>AssertionError [ERR_ASSERTION]: Promise {
                  &lt;pending>
                } == 'Google'
                    at Context.&lt;anonymous> (F:\Programs\Install\MyPrograms\Programming\Settings\VisualStudioCode\Code\Projects\WebdriverIO\test\specs\/browser.js:10:16)
                    at Context.executeAsync (F:\Programs\Install\MyPrograms\Programming\Settings\VisualStudioCode\Code\Projects\WebdriverIO\node_modules\@wdio\mocha-framework\node_modules\@wdio\utils\build\shim.js:285:25)
                    at Context.testFrameworkFnWrapper (F:\Programs\Install\MyPrograms\Programming\Settings\VisualStudioCode\Code\Projects\WebdriverIO\node_modules\@wdio\mocha-framework\node_modules\@wdio\utils\build\test-framework\testFnWrapper.js:45:32)</stack-trace>
            </failure>
        </test-case>
        <test-case start='1630005243179' status='failed' stop='1630005243182'>
            <name>Check URL</name>
            <title>Check URL</title>
            <labels>
                <label name='language' value='javascript'/>
                <label name='framework' value='wdio'/>
                <label name='thread' value='0-0'/>
            </labels>
            <parameters>
                <parameter kind='argument' name='browser' value='chrome-92.0.4515.159'/>
            </parameters>
            <steps>
                <step start='1630005243180' status='failed' stop='1630005243182'>
                    <name>GET /session/:sessionId/url</name>
                    <title>GET /session/:sessionId/url</title>
                    <attachments/>
                    <steps/>
                </step>
            </steps>
            <attachments/>
            <failure>
                <message>Promise {
                  &lt;pending>
                } == 'https://www.google.com/'      
                      actual expected
                      
                      Promise [Promise] {}'https://www.google.com/'
                      </message>
                <stack-trace>AssertionError [ERR_ASSERTION]: Promise {
                  &lt;pending>
                } == 'https://www.google.com/'
                    at Context.&lt;anonymous> (F:\Programs\Install\MyPrograms\Programming\Settings\VisualStudioCode\Code\Projects\WebdriverIO\test\specs\/browser.js:16:16)
                    at Context.executeAsync (F:\Programs\Install\MyPrograms\Programming\Settings\VisualStudioCode\Code\Projects\WebdriverIO\node_modules\@wdio\mocha-framework\node_modules\@wdio\utils\build\shim.js:285:25)
                    at Context.testFrameworkFnWrapper (F:\Programs\Install\MyPrograms\Programming\Settings\VisualStudioCode\Code\Projects\WebdriverIO\node_modules\@wdio\mocha-framework\node_modules\@wdio\utils\build\test-framework\testFnWrapper.js:45:32)</stack-trace>
            </failure>
        </test-case>
    </test-cases>
</ns2:test-suite>